2019-09-15 13:40:20,413 - __main__ - INFO - 1.bam is processing!
2019-09-15 13:40:20,414 - __main__ - INFO - Read into the bam file...
2019-09-15 13:43:53,084 - __main__ - INFO - Thermo-SpCas9_sorted_by_name.bam is processing!
2019-09-15 13:43:53,085 - __main__ - INFO - Read into the bam file...
2019-09-15 13:44:28,655 - __main__ - INFO - 1.0 M reads have been processed
2019-09-15 13:45:04,347 - __main__ - INFO - 2.0 M reads have been processed
2019-09-15 13:45:15,095 - __main__ - INFO - Produce plot for Thermo-SpCas9_sorted_by_name.bam sample
2019-09-15 13:45:17,749 - __main__ - INFO - SpCas9_NC_sorted_by_name.bam is processing!
2019-09-15 13:45:17,749 - __main__ - INFO - Read into the bam file...
2019-09-15 13:45:46,598 - __main__ - INFO - 1.0 M reads have been processed
2019-09-15 13:45:53,824 - __main__ - INFO - Produce plot for SpCas9_NC_sorted_by_name.bam sample
2019-09-15 16:42:55,378 - __main__ - INFO - Namespace(bamfile=['/media/chaigs/data1/circleseq/data_analysis/Thermo-SpCas9_sorted_by_name.bam', '/media/chaigs/data1/circleseq/data_analysis/SpCas9_NC_sorted_by_name.bam'], conditional=False, mapq=30, outfile='test.pdf')
2019-09-15 16:42:55,378 - __main__ - INFO - Thermo-SpCas9_sorted_by_name.bam is processing!
2019-09-15 16:42:55,379 - __main__ - INFO - Read into the bam file...
2019-09-15 16:43:30,193 - __main__ - INFO - 1.0 M reads have been processed
2019-09-15 16:44:05,702 - __main__ - INFO - 2.0 M reads have been processed
2019-09-15 16:44:16,236 - __main__ - INFO - Produce plot for Thermo-SpCas9_sorted_by_name.bam sample
2019-09-15 16:44:16,553 - __main__ - INFO - SpCas9_NC_sorted_by_name.bam is processing!
2019-09-15 16:44:16,553 - __main__ - INFO - Read into the bam file...
2019-09-15 16:44:44,948 - __main__ - INFO - 1.0 M reads have been processed
2019-09-15 16:44:52,113 - __main__ - INFO - Produce plot for SpCas9_NC_sorted_by_name.bam sample
2019-09-15 16:47:28,659 - __main__ - INFO - Namespace(bamfile=['/media/chaigs/data1/circleseq/data_analysis/Thermo-SpCas9_sorted_by_name.bam', '/media/chaigs/data1/circleseq/data_analysis/SpCas9_NC_sorted_by_name.bam'], conditional=False, mapq=30, outfile='test.pdf')
2019-09-15 16:47:28,660 - __main__ - INFO - Thermo-SpCas9_sorted_by_name.bam is processing!
2019-09-15 16:47:28,660 - __main__ - INFO - Read into the bam file...
2019-09-15 16:48:02,774 - __main__ - INFO - 1.0 M reads have been processed
2019-09-15 16:48:37,351 - __main__ - INFO - 2.0 M reads have been processed
2019-09-15 16:48:47,667 - __main__ - INFO - Produce plot for Thermo-SpCas9_sorted_by_name.bam sample
2019-09-15 16:48:47,979 - __main__ - INFO - SpCas9_NC_sorted_by_name.bam is processing!
2019-09-15 16:48:47,979 - __main__ - INFO - Read into the bam file...
2019-09-15 16:49:16,046 - __main__ - INFO - 1.0 M reads have been processed
2019-09-15 16:49:23,201 - __main__ - INFO - Produce plot for SpCas9_NC_sorted_by_name.bam sample
2019-09-15 16:55:19,903 - __main__ - INFO - Namespace(bamfile=['/media/chaigs/data1/circleseq/data_analysis/ABE_HBG-1_sorted_by_name.bam'], conditional=False, mapq=30, outfile='test2.pdf')
2019-09-15 16:55:19,904 - __main__ - INFO - ABE_HBG-1_sorted_by_name.bam is processing!
2019-09-15 16:55:19,904 - __main__ - INFO - Read into the bam file...
2019-09-15 16:56:01,096 - __main__ - INFO - 1.0 M reads have been processed
2019-09-15 16:56:42,057 - __main__ - INFO - 2.0 M reads have been processed
2019-09-15 16:57:22,861 - __main__ - INFO - 3.0 M reads have been processed
2019-09-15 16:58:04,025 - __main__ - INFO - 4.0 M reads have been processed
2019-09-15 16:58:45,022 - __main__ - INFO - 5.0 M reads have been processed
2019-09-15 16:59:26,166 - __main__ - INFO - 6.0 M reads have been processed
2019-09-15 17:00:07,512 - __main__ - INFO - 7.0 M reads have been processed
2019-09-15 17:00:49,179 - __main__ - INFO - 8.0 M reads have been processed
2019-09-15 17:00:59,716 - __main__ - INFO - Produce plot for ABE_HBG-1_sorted_by_name.bam sample
2019-09-15 17:17:04,480 - __main__ - INFO - Namespace(bamfile=['/media/chaigs/data1/circleseq/data_analysis/Thermo-SpCas9_sorted_by_name.bam', '/media/chaigs/data1/circleseq/data_analysis/SpCas9_NC_sorted_by_name.bam'], conditional=False, mapq=30, outfile='test2.pdf')
2019-09-15 17:17:04,481 - __main__ - INFO - Thermo-SpCas9_sorted_by_name.bam is processing!
2019-09-15 17:17:04,481 - __main__ - INFO - Read into the bam file...
2019-09-15 17:17:38,880 - __main__ - INFO - 1.0 M reads have been processed
2019-09-15 17:18:13,872 - __main__ - INFO - 2.0 M reads have been processed
2019-09-15 17:18:24,305 - __main__ - INFO - Produce plot for Thermo-SpCas9_sorted_by_name.bam sample
2019-09-15 17:18:24,921 - __main__ - INFO - SpCas9_NC_sorted_by_name.bam is processing!
2019-09-15 17:18:24,921 - __main__ - INFO - Read into the bam file...
2019-09-15 17:18:53,010 - __main__ - INFO - 1.0 M reads have been processed
2019-09-15 17:19:00,122 - __main__ - INFO - Produce plot for SpCas9_NC_sorted_by_name.bam sample
2019-09-15 17:27:29,372 - __main__ - INFO - Namespace(bamfile=['/media/chaigs/data1/circleseq/data_analysis/Thermo-SpCas9_sorted_by_name.bam', '/media/chaigs/data1/circleseq/data_analysis/SpCas9_NC_sorted_by_name.bam'], binwidth=1, conditional=False, mapq=30, outfile='test2.pdf')
2019-09-15 17:27:29,372 - __main__ - INFO - Thermo-SpCas9_sorted_by_name.bam is processing!
2019-09-15 17:27:29,372 - __main__ - INFO - Read into the bam file...
2019-09-15 17:28:03,546 - __main__ - INFO - 1.0 M reads have been processed
2019-09-15 17:28:38,625 - __main__ - INFO - 2.0 M reads have been processed
2019-09-15 17:28:49,188 - __main__ - INFO - Produce plot for Thermo-SpCas9_sorted_by_name.bam sample
2019-09-15 17:34:11,248 - __main__ - INFO - Namespace(bamfile=['/media/chaigs/data1/circleseq/data_analysis/Thermo-SpCas9_sorted_by_name.bam', '/media/chaigs/data1/circleseq/data_analysis/SpCas9_NC_sorted_by_name.bam'], binwidth=1, conditional=False, mapq=30, outfile='test2.pdf')
2019-09-15 17:34:11,250 - __main__ - INFO - Thermo-SpCas9_sorted_by_name.bam is processing!
2019-09-15 17:34:11,250 - __main__ - INFO - Read into the bam file...
2019-09-15 17:34:46,458 - __main__ - INFO - 1.0 M reads have been processed
2019-09-15 17:35:21,701 - __main__ - INFO - 2.0 M reads have been processed
2019-09-15 17:35:32,237 - __main__ - INFO - Produce plot for Thermo-SpCas9_sorted_by_name.bam sample
2019-09-15 17:35:35,133 - __main__ - INFO - SpCas9_NC_sorted_by_name.bam is processing!
2019-09-15 17:35:35,133 - __main__ - INFO - Read into the bam file...
2019-09-15 17:36:03,543 - __main__ - INFO - 1.0 M reads have been processed
2019-09-15 17:36:10,602 - __main__ - INFO - Produce plot for SpCas9_NC_sorted_by_name.bam sample
2019-09-15 17:41:01,187 - __main__ - INFO - Namespace(bamfile=['/media/chaigs/data1/circleseq/data_analysis/Thermo-SpCas9_sorted_by_name.bam', '/media/chaigs/data1/circleseq/data_analysis/SpCas9_NC_sorted_by_name.bam'], binwidth=1, conditional=False, mapq=30, outfile='test2.pdf')
2019-09-15 17:41:01,187 - __main__ - INFO - Thermo-SpCas9_sorted_by_name.bam is processing!
2019-09-15 17:41:01,187 - __main__ - INFO - Read into the bam file...
2019-09-15 17:41:35,713 - __main__ - INFO - 1.0 M reads have been processed
2019-09-15 17:42:10,774 - __main__ - INFO - 2.0 M reads have been processed
2019-09-15 17:42:21,182 - __main__ - INFO - Produce plot for Thermo-SpCas9_sorted_by_name.bam sample
2019-09-15 17:42:21,605 - __main__ - INFO - SpCas9_NC_sorted_by_name.bam is processing!
2019-09-15 17:42:21,606 - __main__ - INFO - Read into the bam file...
2019-09-15 17:42:49,674 - __main__ - INFO - 1.0 M reads have been processed
2019-09-15 17:42:56,720 - __main__ - INFO - Produce plot for SpCas9_NC_sorted_by_name.bam sample
2019-09-15 17:52:07,537 - __main__ - INFO - Namespace(bamfile=['/media/chaigs/softwares/data/wangxj/KS-input_sorted_by_name.bam'], conditional=False, mapq=30, outfile='test3.pdf')
2019-09-15 17:52:07,550 - __main__ - INFO - KS-input_sorted_by_name.bam is processing!
2019-09-15 17:52:07,550 - __main__ - INFO - Read into the bam file...
2019-09-15 17:52:43,366 - __main__ - INFO - 1.0 M reads have been processed
2019-09-15 17:53:18,906 - __main__ - INFO - 2.0 M reads have been processed
2019-09-15 17:53:54,360 - __main__ - INFO - 3.0 M reads have been processed
2019-09-15 17:54:29,911 - __main__ - INFO - 4.0 M reads have been processed
2019-09-15 17:55:05,294 - __main__ - INFO - 5.0 M reads have been processed
2019-09-15 17:55:40,503 - __main__ - INFO - 6.0 M reads have been processed
2019-09-15 17:56:16,039 - __main__ - INFO - 7.0 M reads have been processed
2019-09-15 17:56:51,518 - __main__ - INFO - 8.0 M reads have been processed
2019-09-15 17:57:26,996 - __main__ - INFO - 9.0 M reads have been processed
2019-09-15 17:58:02,361 - __main__ - INFO - 10.0 M reads have been processed
2019-09-15 17:58:37,946 - __main__ - INFO - 11.0 M reads have been processed
2019-09-15 17:59:13,598 - __main__ - INFO - 12.0 M reads have been processed
2019-09-15 17:59:49,141 - __main__ - INFO - 13.0 M reads have been processed
2019-09-15 18:00:24,252 - __main__ - INFO - 14.0 M reads have been processed
2019-09-15 18:00:59,835 - __main__ - INFO - 15.0 M reads have been processed
2019-09-15 18:01:35,350 - __main__ - INFO - 16.0 M reads have been processed
2019-09-15 18:02:08,374 - __main__ - INFO - Produce plot for KS-input_sorted_by_name.bam sample
2019-09-15 18:25:01,884 - __main__ - INFO - Namespace(bamfile=['/media/chaigs/softwares/data/wangxj/KS-input_sorted_by_name.bam'], conditional=False, mapq=30, max=200, min=0, outfile='test4.pdf')
2019-09-15 18:25:01,884 - __main__ - INFO - KS-input_sorted_by_name.bam is processing!
2019-09-15 18:25:01,884 - __main__ - INFO - Read into the bam file...
2019-09-15 18:25:38,210 - __main__ - INFO - 1.0 M reads have been processed
2019-09-15 18:26:14,503 - __main__ - INFO - 2.0 M reads have been processed
2019-09-15 18:26:50,851 - __main__ - INFO - 3.0 M reads have been processed
2019-09-15 18:27:27,091 - __main__ - INFO - 4.0 M reads have been processed
2019-09-15 18:28:03,230 - __main__ - INFO - 5.0 M reads have been processed
2019-09-15 18:28:39,266 - __main__ - INFO - 6.0 M reads have been processed
2019-09-15 18:29:15,714 - __main__ - INFO - 7.0 M reads have been processed
2019-09-15 18:29:51,992 - __main__ - INFO - 8.0 M reads have been processed
2019-09-15 18:30:28,319 - __main__ - INFO - 9.0 M reads have been processed
2019-09-15 18:31:04,532 - __main__ - INFO - 10.0 M reads have been processed
2019-09-15 18:31:40,917 - __main__ - INFO - 11.0 M reads have been processed
2019-09-15 18:32:17,220 - __main__ - INFO - 12.0 M reads have been processed
2019-09-15 18:32:53,504 - __main__ - INFO - 13.0 M reads have been processed
2019-09-15 18:33:29,344 - __main__ - INFO - 14.0 M reads have been processed
2019-09-15 18:34:05,673 - __main__ - INFO - 15.0 M reads have been processed
2019-09-15 18:34:42,026 - __main__ - INFO - 16.0 M reads have been processed
2019-09-15 18:35:15,854 - __main__ - INFO - Produce plot for KS-input_sorted_by_name.bam sample
2019-09-15 18:46:10,179 - __main__ - INFO - Namespace(bamfile=['/media/chaigs/softwares/data/wangxj/KS-input_sorted_by_name.bam'], conditional=False, mapq=30, max=200, min=0, outfile='test5.pdf')
2019-09-15 18:46:10,179 - __main__ - INFO - KS-input_sorted_by_name.bam is processing!
2019-09-15 18:46:10,179 - __main__ - INFO - Read into the bam file...
2019-09-15 18:46:45,836 - __main__ - INFO - 1.0 M reads have been processed
2019-09-15 18:47:21,396 - __main__ - INFO - 2.0 M reads have been processed
2019-09-15 18:47:56,847 - __main__ - INFO - 3.0 M reads have been processed
2019-09-15 18:48:32,274 - __main__ - INFO - 4.0 M reads have been processed
2019-09-15 18:49:07,653 - __main__ - INFO - 5.0 M reads have been processed
2019-09-15 18:49:42,825 - __main__ - INFO - 6.0 M reads have been processed
2019-09-15 18:50:18,303 - __main__ - INFO - 7.0 M reads have been processed
2019-09-15 18:50:53,795 - __main__ - INFO - 8.0 M reads have been processed
2019-09-15 18:51:29,292 - __main__ - INFO - 9.0 M reads have been processed
2019-09-15 18:52:04,600 - __main__ - INFO - 10.0 M reads have been processed
2019-09-15 18:52:40,196 - __main__ - INFO - 11.0 M reads have been processed
2019-09-15 18:53:15,921 - __main__ - INFO - 12.0 M reads have been processed
2019-09-15 18:53:51,982 - __main__ - INFO - 13.0 M reads have been processed
2019-09-15 18:54:27,034 - __main__ - INFO - 14.0 M reads have been processed
2019-09-15 18:55:02,479 - __main__ - INFO - 15.0 M reads have been processed
2019-09-15 18:55:37,804 - __main__ - INFO - 16.0 M reads have been processed
2019-09-15 18:56:10,616 - __main__ - INFO - Produce plot for KS-input_sorted_by_name.bam sample
2019-09-15 18:57:18,639 - __main__ - INFO - Namespace(bamfile=['/media/chaigs/softwares/data/wangxj/KS-input_sorted_by_name.bam'], conditional=False, mapq=30, max=1000, min=0, outfile='test6.pdf')
2019-09-15 18:57:18,640 - __main__ - INFO - KS-input_sorted_by_name.bam is processing!
2019-09-15 18:57:18,640 - __main__ - INFO - Read into the bam file...
2019-09-15 18:57:55,464 - __main__ - INFO - 1.0 M reads have been processed
2019-09-15 18:58:33,193 - __main__ - INFO - 2.0 M reads have been processed
2019-09-15 18:59:09,780 - __main__ - INFO - 3.0 M reads have been processed
2019-09-15 18:59:46,284 - __main__ - INFO - 4.0 M reads have been processed
2019-09-15 19:00:22,578 - __main__ - INFO - 5.0 M reads have been processed
2019-09-15 19:00:58,765 - __main__ - INFO - 6.0 M reads have been processed
2019-09-15 19:01:35,437 - __main__ - INFO - 7.0 M reads have been processed
2019-09-15 19:02:12,012 - __main__ - INFO - 8.0 M reads have been processed
2019-09-15 19:02:48,511 - __main__ - INFO - 9.0 M reads have been processed
2019-09-15 19:03:25,058 - __main__ - INFO - 10.0 M reads have been processed
2019-09-15 19:04:01,732 - __main__ - INFO - 11.0 M reads have been processed
2019-09-15 19:04:38,394 - __main__ - INFO - 12.0 M reads have been processed
2019-09-15 19:05:14,962 - __main__ - INFO - 13.0 M reads have been processed
2019-09-15 19:05:51,101 - __main__ - INFO - 14.0 M reads have been processed
2019-09-15 19:06:27,660 - __main__ - INFO - 15.0 M reads have been processed
2019-09-15 19:07:04,334 - __main__ - INFO - 16.0 M reads have been processed
2019-09-15 19:07:38,263 - __main__ - INFO - Produce plot for KS-input_sorted_by_name.bam sample
2019-09-15 21:35:43,680 - __main__ - INFO - Namespace(bamfile=['/media/chaigs/data1/circleseq/data_analysis/ABE_HBG-1_sorted_by_name.bam'], conditional=False, mapq=30, max=1000, min=0, outfile='test6.pdf')
2019-09-15 21:35:43,681 - __main__ - INFO - ABE_HBG-1_sorted_by_name.bam is processing!
2019-09-15 21:35:43,681 - __main__ - INFO - Read into the bam file...
2019-09-15 21:36:27,410 - __main__ - INFO - 1.0 M reads have been processed
2019-09-15 21:37:10,895 - __main__ - INFO - 2.0 M reads have been processed
2019-09-15 21:37:54,298 - __main__ - INFO - 3.0 M reads have been processed
2019-09-15 21:38:37,800 - __main__ - INFO - 4.0 M reads have been processed
2019-09-15 21:39:20,538 - __main__ - INFO - 5.0 M reads have been processed
2019-09-15 21:40:03,383 - __main__ - INFO - 6.0 M reads have been processed
2019-09-15 21:40:46,171 - __main__ - INFO - 7.0 M reads have been processed
2019-09-15 21:41:28,969 - __main__ - INFO - 8.0 M reads have been processed
2019-09-15 21:41:39,830 - __main__ - INFO - Produce plot for ABE_HBG-1_sorted_by_name.bam sample
2019-09-15 21:50:43,587 - __main__ - INFO - Namespace(bamfile=['/media/chaigs/data1/circleseq/data_analysis/CBE_EMX1-1_sorted_by_name.bam'], conditional=False, mapq=30, max=1000, min=0, outfile='test7.pdf')
2019-09-15 21:50:43,588 - __main__ - INFO - CBE_EMX1-1_sorted_by_name.bam is processing!
2019-09-15 21:50:43,588 - __main__ - INFO - Read into the bam file...
2019-09-15 21:51:23,311 - __main__ - INFO - 1.0 M reads have been processed
2019-09-15 21:52:03,001 - __main__ - INFO - 2.0 M reads have been processed
2019-09-15 21:52:42,628 - __main__ - INFO - 3.0 M reads have been processed
2019-09-15 21:53:22,395 - __main__ - INFO - 4.0 M reads have been processed
2019-09-15 21:54:01,973 - __main__ - INFO - 5.0 M reads have been processed
2019-09-15 21:54:41,596 - __main__ - INFO - 6.0 M reads have been processed
2019-09-15 21:55:21,159 - __main__ - INFO - 7.0 M reads have been processed
2019-09-15 21:56:00,796 - __main__ - INFO - 8.0 M reads have been processed
2019-09-15 21:56:40,377 - __main__ - INFO - 9.0 M reads have been processed
2019-09-15 21:57:19,915 - __main__ - INFO - 10.0 M reads have been processed
2019-09-15 21:57:59,494 - __main__ - INFO - 11.0 M reads have been processed
2019-09-15 21:58:39,161 - __main__ - INFO - 12.0 M reads have been processed
2019-09-15 21:59:18,649 - __main__ - INFO - 13.0 M reads have been processed
2019-09-15 21:59:58,082 - __main__ - INFO - 14.0 M reads have been processed
2019-09-15 22:00:37,518 - __main__ - INFO - 15.0 M reads have been processed
2019-09-15 22:01:17,046 - __main__ - INFO - 16.0 M reads have been processed
2019-09-15 22:01:54,472 - __main__ - INFO - Produce plot for CBE_EMX1-1_sorted_by_name.bam sample
